<?xml version="1.0" encoding="UTF-8"?>
<testsuite name="MinesweeperTest" tests="1" skipped="0" failures="0" errors="0" timestamp="2020-09-25T13:30:56" hostname="FALLENANGEL" time="0.098">
  <properties/>
  <testcase name="start" classname="MinesweeperTest" time="0.098"/>
  <system-out><![CDATA[?[1;31m
Start test 1?[0m
.......X.
.X.......
....X....
........X
...X..X..
.........
...X.....
..X..X...
.......X.
]]></system-out>
  <system-err><![CDATA[]]></system-err>
</testsuite>
