<?xml version="1.0" encoding="UTF-8"?>
<testsuite name="MinesweeperTest" tests="1" skipped="0" failures="0" errors="0" timestamp="2020-10-05T10:02:36" hostname="FALLENANGEL" time="0.953">
  <properties/>
  <testcase name="start" classname="MinesweeperTest" time="0.953"/>
  <system-out><![CDATA[?[1;31m
Start test 1?[0m
How many mines do you want on the field?> 1
 |123456789|
-|---------|
1|.........|
2|.........|
3|.........|
4|.........|
5|.........|
6|.111.....|
7|.1.1.....|
8|.111.....|
9|.........|
-|---------|
Set/delete mine marks (x and y coordinates):> 1 2
 |123456789|
-|---------|
1|.........|
2|*........|
3|.........|
4|.........|
5|.........|
6|.111.....|
7|.1.1.....|
8|.111.....|
9|.........|
-|---------|
Set/delete mine marks (x and y coordinates):> 1 2
 |123456789|
-|---------|
1|.........|
2|.........|
3|.........|
4|.........|
5|.........|
6|.111.....|
7|.1.1.....|
8|.111.....|
9|.........|
-|---------|
Set/delete mine marks (x and y coordinates):> 3 7
 |123456789|
-|---------|
1|.........|
2|.........|
3|.........|
4|.........|
5|.........|
6|.111.....|
7|.1*1.....|
8|.111.....|
9|.........|
-|---------|
Congratulations! You found all the mines!
?[1;31m
Start test 2?[0m
How many mines do you want on the field?> 1
 |123456789|
-|---------|
1|.......1.|
2|.......11|
3|.........|
4|.........|
5|.........|
6|.........|
7|.........|
8|.........|
9|.........|
-|---------|
Set/delete mine marks (x and y coordinates):> 1 2
 |123456789|
-|---------|
1|.......1.|
2|*......11|
3|.........|
4|.........|
5|.........|
6|.........|
7|.........|
8|.........|
9|.........|
-|---------|
Set/delete mine marks (x and y coordinates):> 1 2
 |123456789|
-|---------|
1|.......1.|
2|.......11|
3|.........|
4|.........|
5|.........|
6|.........|
7|.........|
8|.........|
9|.........|
-|---------|
Set/delete mine marks (x and y coordinates):> 9 1
 |123456789|
-|---------|
1|.......1*|
2|.......11|
3|.........|
4|.........|
5|.........|
6|.........|
7|.........|
8|.........|
9|.........|
-|---------|
Congratulations! You found all the mines!
?[1;31m
Start test 3?[0m
How many mines do you want on the field?> 1
 |123456789|
-|---------|
1|.........|
2|.........|
3|.........|
4|.........|
5|111......|
6|1.1......|
7|111......|
8|.........|
9|.........|
-|---------|
Set/delete mine marks (x and y coordinates):> 1 2
 |123456789|
-|---------|
1|.........|
2|*........|
3|.........|
4|.........|
5|111......|
6|1.1......|
7|111......|
8|.........|
9|.........|
-|---------|
Set/delete mine marks (x and y coordinates):> 1 2
 |123456789|
-|---------|
1|.........|
2|.........|
3|.........|
4|.........|
5|111......|
6|1.1......|
7|111......|
8|.........|
9|.........|
-|---------|
Set/delete mine marks (x and y coordinates):> 2 6
 |123456789|
-|---------|
1|.........|
2|.........|
3|.........|
4|.........|
5|111......|
6|1*1......|
7|111......|
8|.........|
9|.........|
-|---------|
Congratulations! You found all the mines!
?[1;31m
Start test 4?[0m
How many mines do you want on the field?> 1
 |123456789|
-|---------|
1|.......11|
2|.......1.|
3|.......11|
4|.........|
5|.........|
6|.........|
7|.........|
8|.........|
9|.........|
-|---------|
Set/delete mine marks (x and y coordinates):> 1 2
 |123456789|
-|---------|
1|.......11|
2|*......1.|
3|.......11|
4|.........|
5|.........|
6|.........|
7|.........|
8|.........|
9|.........|
-|---------|
Set/delete mine marks (x and y coordinates):> 1 2
 |123456789|
-|---------|
1|.......11|
2|.......1.|
3|.......11|
4|.........|
5|.........|
6|.........|
7|.........|
8|.........|
9|.........|
-|---------|
Set/delete mine marks (x and y coordinates):> 9 2
 |123456789|
-|---------|
1|.......11|
2|.......1*|
3|.......11|
4|.........|
5|.........|
6|.........|
7|.........|
8|.........|
9|.........|
-|---------|
Congratulations! You found all the mines!
?[1;31m
Start test 5?[0m
How many mines do you want on the field?> 1
 |123456789|
-|---------|
1|.........|
2|.........|
3|.........|
4|.........|
5|.........|
6|.........|
7|.......11|
8|.......1.|
9|.......11|
-|---------|
Set/delete mine marks (x and y coordinates):> 1 2
 |123456789|
-|---------|
1|.........|
2|*........|
3|.........|
4|.........|
5|.........|
6|.........|
7|.......11|
8|.......1.|
9|.......11|
-|---------|
Set/delete mine marks (x and y coordinates):> 1 2
 |123456789|
-|---------|
1|.........|
2|.........|
3|.........|
4|.........|
5|.........|
6|.........|
7|.......11|
8|.......1.|
9|.......11|
-|---------|
Set/delete mine marks (x and y coordinates):> 9 8
 |123456789|
-|---------|
1|.........|
2|.........|
3|.........|
4|.........|
5|.........|
6|.........|
7|.......11|
8|.......1*|
9|.......11|
-|---------|
Congratulations! You found all the mines!
?[1;31m
Start test 6?[0m
How many mines do you want on the field?> 1
 |123456789|
-|---------|
1|.........|
2|.........|
3|.........|
4|.........|
5|.........|
6|.111.....|
7|.1.1.....|
8|.111.....|
9|.........|
-|---------|
Set/delete mine marks (x and y coordinates):> 1 2
 |123456789|
-|---------|
1|.........|
2|*........|
3|.........|
4|.........|
5|.........|
6|.111.....|
7|.1.1.....|
8|.111.....|
9|.........|
-|---------|
Set/delete mine marks (x and y coordinates):> 1 2
 |123456789|
-|---------|
1|.........|
2|.........|
3|.........|
4|.........|
5|.........|
6|.111.....|
7|.1.1.....|
8|.111.....|
9|.........|
-|---------|
Set/delete mine marks (x and y coordinates):> 3 7
 |123456789|
-|---------|
1|.........|
2|.........|
3|.........|
4|.........|
5|.........|
6|.111.....|
7|.1*1.....|
8|.111.....|
9|.........|
-|---------|
Congratulations! You found all the mines!
?[1;31m
Start test 7?[0m
How many mines do you want on the field?> 1
 |123456789|
-|---------|
1|.........|
2|.........|
3|.........|
4|.........|
5|.........|
6|....111..|
7|....1.1..|
8|....111..|
9|.........|
-|---------|
Set/delete mine marks (x and y coordinates):> 1 2
 |123456789|
-|---------|
1|.........|
2|*........|
3|.........|
4|.........|
5|.........|
6|....111..|
7|....1.1..|
8|....111..|
9|.........|
-|---------|
Set/delete mine marks (x and y coordinates):> 1 2
 |123456789|
-|---------|
1|.........|
2|.........|
3|.........|
4|.........|
5|.........|
6|....111..|
7|....1.1..|
8|....111..|
9|.........|
-|---------|
Set/delete mine marks (x and y coordinates):> 6 7
 |123456789|
-|---------|
1|.........|
2|.........|
3|.........|
4|.........|
5|.........|
6|....111..|
7|....1*1..|
8|....111..|
9|.........|
-|---------|
Congratulations! You found all the mines!
?[1;31m
Start test 8?[0m
How many mines do you want on the field?> 1
 |123456789|
-|---------|
1|.........|
2|.........|
3|.........|
4|.........|
5|.........|
6|.........|
7|.........|
8|.....111.|
9|.....1.1.|
-|---------|
Set/delete mine marks (x and y coordinates):> 1 2
 |123456789|
-|---------|
1|.........|
2|*........|
3|.........|
4|.........|
5|.........|
6|.........|
7|.........|
8|.....111.|
9|.....1.1.|
-|---------|
Set/delete mine marks (x and y coordinates):> 1 2
 |123456789|
-|---------|
1|.........|
2|.........|
3|.........|
4|.........|
5|.........|
6|.........|
7|.........|
8|.....111.|
9|.....1.1.|
-|---------|
Set/delete mine marks (x and y coordinates):> 7 9
 |123456789|
-|---------|
1|.........|
2|.........|
3|.........|
4|.........|
5|.........|
6|.........|
7|.........|
8|.....111.|
9|.....1*1.|
-|---------|
Congratulations! You found all the mines!
?[1;31m
Start test 9?[0m
How many mines do you want on the field?> 1
 |123456789|
-|---------|
1|.........|
2|.........|
3|.........|
4|.........|
5|.........|
6|.........|
7|..111....|
8|..1.1....|
9|..111....|
-|---------|
Set/delete mine marks (x and y coordinates):> 1 2
 |123456789|
-|---------|
1|.........|
2|*........|
3|.........|
4|.........|
5|.........|
6|.........|
7|..111....|
8|..1.1....|
9|..111....|
-|---------|
Set/delete mine marks (x and y coordinates):> 1 2
 |123456789|
-|---------|
1|.........|
2|.........|
3|.........|
4|.........|
5|.........|
6|.........|
7|..111....|
8|..1.1....|
9|..111....|
-|---------|
Set/delete mine marks (x and y coordinates):> 4 8
 |123456789|
-|---------|
1|.........|
2|.........|
3|.........|
4|.........|
5|.........|
6|.........|
7|..111....|
8|..1*1....|
9|..111....|
-|---------|
Congratulations! You found all the mines!
?[1;31m
Start test 10?[0m
How many mines do you want on the field?> 1
 |123456789|
-|---------|
1|.........|
2|.........|
3|.........|
4|.........|
5|11.......|
6|.1.......|
7|11.......|
8|.........|
9|.........|
-|---------|
Set/delete mine marks (x and y coordinates):> 1 2
 |123456789|
-|---------|
1|.........|
2|*........|
3|.........|
4|.........|
5|11.......|
6|.1.......|
7|11.......|
8|.........|
9|.........|
-|---------|
Set/delete mine marks (x and y coordinates):> 1 2
 |123456789|
-|---------|
1|.........|
2|.........|
3|.........|
4|.........|
5|11.......|
6|.1.......|
7|11.......|
8|.........|
9|.........|
-|---------|
Set/delete mine marks (x and y coordinates):> 1 6
 |123456789|
-|---------|
1|.........|
2|.........|
3|.........|
4|.........|
5|11.......|
6|*1.......|
7|11.......|
8|.........|
9|.........|
-|---------|
Congratulations! You found all the mines!
?[1;31m
Start test 11?[0m
How many mines do you want on the field?> 5
 |123456789|
-|---------|
1|.....1.1.|
2|..111111.|
3|..1.1....|
4|.1221....|
5|.1.1...11|
6|.111...1.|
7|.....1121|
8|.....1.1.|
9|.....111.|
-|---------|
Set/delete mine marks (x and y coordinates):> 7 8
 |123456789|
-|---------|
1|.....1.1.|
2|..111111.|
3|..1.1....|
4|.1221....|
5|.1.1...11|
6|.111...1.|
7|.....1121|
8|.....1*1.|
9|.....111.|
-|---------|
Set/delete mine marks (x and y coordinates):> 4 3
 |123456789|
-|---------|
1|.....1.1.|
2|..111111.|
3|..1*1....|
4|.1221....|
5|.1.1...11|
6|.111...1.|
7|.....1121|
8|.....1*1.|
9|.....111.|
-|---------|
Set/delete mine marks (x and y coordinates):> 3 5
 |123456789|
-|---------|
1|.....1.1.|
2|..111111.|
3|..1*1....|
4|.1221....|
5|.1*1...11|
6|.111...1.|
7|.....1121|
8|.....1*1.|
9|.....111.|
-|---------|
Set/delete mine marks (x and y coordinates):> 7 1
 |123456789|
-|---------|
1|.....1*1.|
2|..111111.|
3|..1*1....|
4|.1221....|
5|.1*1...11|
6|.111...1.|
7|.....1121|
8|.....1*1.|
9|.....111.|
-|---------|
Set/delete mine marks (x and y coordinates):> 9 6
 |123456789|
-|---------|
1|.....1*1.|
2|..111111.|
3|..1*1....|
4|.1221....|
5|.1*1...11|
6|.111...1*|
7|.....1121|
8|.....1*1.|
9|.....111.|
-|---------|
Congratulations! You found all the mines!
?[1;31m
Start test 12?[0m
How many mines do you want on the field?> 5
 |123456789|
-|---------|
1|.......11|
2|.......1.|
3|.......11|
4|...111...|
5|11.1.1.11|
6|.1.11112.|
7|11....1.2|
8|......111|
9|.........|
-|---------|
Set/delete mine marks (x and y coordinates):> 5 5
 |123456789|
-|---------|
1|.......11|
2|.......1.|
3|.......11|
4|...111...|
5|11.1*1.11|
6|.1.11112.|
7|11....1.2|
8|......111|
9|.........|
-|---------|
Set/delete mine marks (x and y coordinates):> 8 7
 |123456789|
-|---------|
1|.......11|
2|.......1.|
3|.......11|
4|...111...|
5|11.1*1.11|
6|.1.11112.|
7|11....1*2|
8|......111|
9|.........|
-|---------|
Set/delete mine marks (x and y coordinates):> 9 2
 |123456789|
-|---------|
1|.......11|
2|.......1*|
3|.......11|
4|...111...|
5|11.1*1.11|
6|.1.11112.|
7|11....1*2|
8|......111|
9|.........|
-|---------|
Set/delete mine marks (x and y coordinates):> 1 6
 |123456789|
-|---------|
1|.......11|
2|.......1*|
3|.......11|
4|...111...|
5|11.1*1.11|
6|*1.11112.|
7|11....1*2|
8|......111|
9|.........|
-|---------|
Set/delete mine marks (x and y coordinates):> 9 6
 |123456789|
-|---------|
1|.......11|
2|.......1*|
3|.......11|
4|...111...|
5|11.1*1.11|
6|*1.11112*|
7|11....1*2|
8|......111|
9|.........|
-|---------|
Congratulations! You found all the mines!
?[1;31m
Start test 13?[0m
How many mines do you want on the field?> 5
 |123456789|
-|---------|
1|.......11|
2|.......1.|
3|.....1121|
4|.....1.1.|
5|..111111.|
6|..1.1111.|
7|..1222.1.|
8|...1.211.|
9|...111...|
-|---------|
Set/delete mine marks (x and y coordinates):> 7 7
 |123456789|
-|---------|
1|.......11|
2|.......1.|
3|.....1121|
4|.....1.1.|
5|..111111.|
6|..1.1111.|
7|..1222*1.|
8|...1.211.|
9|...111...|
-|---------|
Set/delete mine marks (x and y coordinates):> 5 8
 |123456789|
-|---------|
1|.......11|
2|.......1.|
3|.....1121|
4|.....1.1.|
5|..111111.|
6|..1.1111.|
7|..1222*1.|
8|...1*211.|
9|...111...|
-|---------|
Set/delete mine marks (x and y coordinates):> 7 4
 |123456789|
-|---------|
1|.......11|
2|.......1.|
3|.....1121|
4|.....1*1.|
5|..111111.|
6|..1.1111.|
7|..1222*1.|
8|...1*211.|
9|...111...|
-|---------|
Set/delete mine marks (x and y coordinates):> 4 6
 |123456789|
-|---------|
1|.......11|
2|.......1.|
3|.....1121|
4|.....1*1.|
5|..111111.|
6|..1*1111.|
7|..1222*1.|
8|...1*211.|
9|...111...|
-|---------|
Set/delete mine marks (x and y coordinates):> 9 2
 |123456789|
-|---------|
1|.......11|
2|.......1*|
3|.....1121|
4|.....1*1.|
5|..111111.|
6|..1*1111.|
7|..1222*1.|
8|...1*211.|
9|...111...|
-|---------|
Congratulations! You found all the mines!
]]></system-out>
  <system-err><![CDATA[]]></system-err>
</testsuite>
